[1.183s] Invoking command in '/home/hendriazwar/ros2_ws/src/my_python_package': DEBUGINFOD_URLS=https://debuginfod.ubuntu.com PYTHONPATH=/home/hendriazwar/ros2_ws/build/my_python_package/prefix_override:/usr/lib/python3/dist-packages/colcon_core/task/python/colcon_distutils_commands:/home/hendriazwar/ros2_ws/install/my_python_package/lib/python3.12/site-packages:${PYTHONPATH} /usr/bin/python3 -W ignore:setup.py install is deprecated setup.py egg_info --egg-base ../../build/my_python_package build --build-base /home/hendriazwar/ros2_ws/build/my_python_package/build install --record /home/hendriazwar/ros2_ws/build/my_python_package/install.log --single-version-externally-managed
[1.375s] running egg_info
[1.390s] writing ../../build/my_python_package/my_python_package.egg-info/PKG-INFO
[1.390s] writing dependency_links to ../../build/my_python_package/my_python_package.egg-info/dependency_links.txt
[1.390s] writing entry points to ../../build/my_python_package/my_python_package.egg-info/entry_points.txt
[1.391s] writing requirements to ../../build/my_python_package/my_python_package.egg-info/requires.txt
[1.391s] writing top-level names to ../../build/my_python_package/my_python_package.egg-info/top_level.txt
[1.423s] reading manifest file '../../build/my_python_package/my_python_package.egg-info/SOURCES.txt'
[1.423s] writing manifest file '../../build/my_python_package/my_python_package.egg-info/SOURCES.txt'
[1.424s] running build
[1.424s] running build_py
[1.424s] copying my_python_package/simple_node.py -> /home/hendriazwar/ros2_ws/build/my_python_package/build/lib/my_python_package
[1.424s] running install
[1.436s] running install_lib
[1.446s] copying /home/hendriazwar/ros2_ws/build/my_python_package/build/lib/my_python_package/simple_node.py -> /home/hendriazwar/ros2_ws/install/my_python_package/lib/python3.12/site-packages/my_python_package
[1.448s] byte-compiling /home/hendriazwar/ros2_ws/install/my_python_package/lib/python3.12/site-packages/my_python_package/simple_node.py to simple_node.cpython-312.pyc
[1.449s] running install_egg_info
[1.479s] removing '/home/hendriazwar/ros2_ws/install/my_python_package/lib/python3.12/site-packages/my_python_package-0.0.0-py3.12.egg-info' (and everything under it)
[1.479s] Copying ../../build/my_python_package/my_python_package.egg-info to /home/hendriazwar/ros2_ws/install/my_python_package/lib/python3.12/site-packages/my_python_package-0.0.0-py3.12.egg-info
[1.479s] running install_scripts
[1.614s] Installing simple_node script to /home/hendriazwar/ros2_ws/install/my_python_package/lib/my_python_package
[1.614s] writing list of installed files to '/home/hendriazwar/ros2_ws/build/my_python_package/install.log'
[1.643s] Invoked command in '/home/hendriazwar/ros2_ws/src/my_python_package' returned '0': DEBUGINFOD_URLS=https://debuginfod.ubuntu.com PYTHONPATH=/home/hendriazwar/ros2_ws/build/my_python_package/prefix_override:/usr/lib/python3/dist-packages/colcon_core/task/python/colcon_distutils_commands:/home/hendriazwar/ros2_ws/install/my_python_package/lib/python3.12/site-packages:${PYTHONPATH} /usr/bin/python3 -W ignore:setup.py install is deprecated setup.py egg_info --egg-base ../../build/my_python_package build --build-base /home/hendriazwar/ros2_ws/build/my_python_package/build install --record /home/hendriazwar/ros2_ws/build/my_python_package/install.log --single-version-externally-managed
